Arguments: 
  /usr/bin/node /usr/share/yarn/bin/yarn.js add eslint-plugin-react -D

PATH: 
  /usr/local/sbin:/usr/local/bin:/usr/sbin:/usr/bin:/sbin:/bin:/usr/games:/usr/local/games:/snap/bin:/home/bhagya/Android/Sdk/tools:/home/bhagya/Android/Sdk/tools/bin:/home/bhagya/Android/Sdk/platform-tools:/home/bhagya/Android/Sdk/emulator

Yarn version: 
  1.6.0

Node version: 
  9.11.1

Platform: 
  linux x64

Trace: 
  Error: getaddrinfo ENOTFOUND registry.yarnpkg.com registry.yarnpkg.com:443
      at GetAddrInfoReqWrap.onlookup [as oncomplete] (dns.js:67:26)

npm manifest: 
  {
    "name": "empty-project-template",
    "main": "node_modules/expo/AppEntry.js",
    "private": true,
    "scripts": {
      "start": "expo start",
      "android": "expo start --android",
      "ios": "expo start --ios",
      "eject": "expo eject"
    },
    "dependencies": {
      "expo": "^31.0.2",
      "react": "16.5.0",
      "react-native": "https://github.com/expo/react-native/archive/sdk-31.0.0.tar.gz"
    },
    "devDependencies": {
      "babel-preset-expo": "^5.0.0",
      "babel-eslint": "^10.0.1",
      "eslint": "^5.8.0",
      "eslint-config-airbnb": "^17.1.0",
      "eslint-plugin-import": "^2.14.0",
      "eslint-plugin-jsx-a11y": "^6.1.2"
    }
  }

yarn manifest: 
  No manifest

Lockfile: 
  No lockfile
